# JRE version: Java(TM) SE Runtime Environment (17.0.12+8) (build 17.0.12+8-LTS-286)
# Java VM: Java HotSpot(TM) 64-Bit Server VM (17.0.12+8-LTS-286, mixed mode, sharing, tiered, compressed oops, compressed class ptrs, g1 gc, windows-amd64)
GC Precious Log:
 CPUs: 8 total, 8 available
 Memory: 16167M
 Large Page Support: Disabled
 NUMA Support: Disabled
 Compressed Oops: Enabled (Zero based)
 Heap Region Size: 2M
 Heap Min Capacity: 8M
 Heap Initial Capacity: 254M
 Heap Max Capacity: 4042M
 Pre-touch: Disabled
 Parallel Workers: 8
 Concurrent Workers: 2
 Concurrent Refinement Workers: 8
 Periodic GC: Disabled
Heap:
 garbage-first heap   total 55296K, used 21777K [0x0000000703600000, 0x0000000800000000)
  region size 2048K, 1 young (2048K), 1 survivors (2048K)
 Metaspace       used 46983K, committed 47488K, reserved 1114112K
  class space    used 5900K, committed 6144K, reserved 1048576K
GC Heap History (19 events):
Event: 0.904 GC heap before
{Heap before GC invocations=0 (full 0):
 garbage-first heap   total 260096K, used 22528K [0x0000000703600000, 0x0000000800000000)
  region size 2048K, 11 young (22528K), 0 survivors (0K)
 Metaspace       used 6050K, committed 6208K, reserved 1114112K
  class space    used 724K, committed 768K, reserved 1048576K
}
Event: 0.908 GC heap after
{Heap after GC invocations=1 (full 0):
 garbage-first heap   total 260096K, used 5409K [0x0000000703600000, 0x0000000800000000)
  region size 2048K, 2 young (4096K), 2 survivors (4096K)
 Metaspace       used 6050K, committed 6208K, reserved 1114112K
  class space    used 724K, committed 768K, reserved 1048576K
}
Event: 1.443 GC heap before
{Heap before GC invocations=1 (full 0):
 garbage-first heap   total 260096K, used 32033K [0x0000000703600000, 0x0000000800000000)
  region size 2048K, 15 young (30720K), 2 survivors (4096K)
 Metaspace       used 12623K, committed 12864K, reserved 1114112K
  class space    used 1533K, committed 1600K, reserved 1048576K
}
Event: 1.471 GC heap after
{Heap after GC invocations=2 (full 0):
 garbage-first heap   total 260096K, used 7858K [0x0000000703600000, 0x0000000800000000)
  region size 2048K, 2 young (4096K), 2 survivors (4096K)
 Metaspace       used 12623K, committed 12864K, reserved 1114112K
  class space    used 1533K, committed 1600K, reserved 1048576K
}
Event: 3.301 GC heap before
{Heap before GC invocations=2 (full 0):
 garbage-first heap   total 260096K, used 54962K [0x0000000703600000, 0x0000000800000000)
  region size 2048K, 26 young (53248K), 2 survivors (4096K)
 Metaspace       used 21113K, committed 21504K, reserved 1114112K
  class space    used 2611K, committed 2816K, reserved 1048576K
}
Event: 3.307 GC heap after
{Heap after GC invocations=3 (full 0):
 garbage-first heap   total 260096K, used 11891K [0x0000000703600000, 0x0000000800000000)
  region size 2048K, 4 young (8192K), 4 survivors (8192K)
 Metaspace       used 21113K, committed 21504K, reserved 1114112K
  class space    used 2611K, committed 2816K, reserved 1048576K
}
Event: 4.586 GC heap before
{Heap before GC invocations=4 (full 0):
 garbage-first heap   total 55296K, used 36467K [0x0000000703600000, 0x0000000800000000)
  region size 2048K, 16 young (32768K), 4 survivors (8192K)
 Metaspace       used 26298K, committed 26752K, reserved 1114112K
  class space    used 3326K, committed 3520K, reserved 1048576K
}
Event: 4.593 GC heap after
{Heap after GC invocations=5 (full 0):
 garbage-first heap   total 55296K, used 14217K [0x0000000703600000, 0x0000000800000000)
  region size 2048K, 2 young (4096K), 2 survivors (4096K)
 Metaspace       used 26298K, committed 26752K, reserved 1114112K
  class space    used 3326K, committed 3520K, reserved 1048576K
}
Event: 4.651 GC heap before
{Heap before GC invocations=5 (full 0):
 garbage-first heap   total 55296K, used 16265K [0x0000000703600000, 0x0000000800000000)
  region size 2048K, 3 young (6144K), 2 survivors (4096K)
 Metaspace       used 26618K, committed 27072K, reserved 1114112K
  class space    used 3362K, committed 3584K, reserved 1048576K
}
Event: 4.654 GC heap after
{Heap after GC invocations=6 (full 0):
 garbage-first heap   total 55296K, used 14557K [0x0000000703600000, 0x0000000800000000)
  region size 2048K, 1 young (2048K), 1 survivors (2048K)
 Metaspace       used 26618K, committed 27072K, reserved 1114112K
  class space    used 3362K, committed 3584K, reserved 1048576K
}
Event: 5.281 GC heap before
{Heap before GC invocations=6 (full 0):
 garbage-first heap   total 55296K, used 35037K [0x0000000703600000, 0x0000000800000000)
  region size 2048K, 12 young (24576K), 1 survivors (2048K)
 Metaspace       used 31313K, committed 31744K, reserved 1114112K
  class space    used 3922K, committed 4160K, reserved 1048576K
}
Event: 5.283 GC heap after
{Heap after GC invocations=7 (full 0):
 garbage-first heap   total 55296K, used 17663K [0x0000000703600000, 0x0000000800000000)
  region size 2048K, 2 young (4096K), 2 survivors (4096K)
 Metaspace       used 31313K, committed 31744K, reserved 1114112K
  class space    used 3922K, committed 4160K, reserved 1048576K
}
Event: 5.854 GC heap before
{Heap before GC invocations=7 (full 0):
 garbage-first heap   total 55296K, used 34047K [0x0000000703600000, 0x0000000800000000)
  region size 2048K, 12 young (24576K), 2 survivors (4096K)
 Metaspace       used 35649K, committed 36096K, reserved 1114112K
  class space    used 4367K, committed 4608K, reserved 1048576K
}
Event: 5.857 GC heap after
{Heap after GC invocations=8 (full 0):
 garbage-first heap   total 55296K, used 19219K [0x0000000703600000, 0x0000000800000000)
  region size 2048K, 1 young (2048K), 1 survivors (2048K)
 Metaspace       used 35649K, committed 36096K, reserved 1114112K
  class space    used 4367K, committed 4608K, reserved 1048576K
}
Event: 77.569 GC heap before
{Heap before GC invocations=9 (full 0):
 garbage-first heap   total 55296K, used 37651K [0x0000000703600000, 0x0000000800000000)
  region size 2048K, 10 young (20480K), 1 survivors (2048K)
 Metaspace       used 39100K, committed 39616K, reserved 1114112K
  class space    used 4825K, committed 5056K, reserved 1048576K
}
Event: 77.575 GC heap after
{Heap after GC invocations=10 (full 0):
 garbage-first heap   total 55296K, used 20763K [0x0000000703600000, 0x0000000800000000)
  region size 2048K, 2 young (4096K), 2 survivors (4096K)
 Metaspace       used 39100K, committed 39616K, reserved 1114112K
  class space    used 4825K, committed 5056K, reserved 1048576K
}
Event: 77.647 GC heap before
{Heap before GC invocations=10 (full 0):
 garbage-first heap   total 55296K, used 22811K [0x0000000703600000, 0x0000000800000000)
  region size 2048K, 3 young (6144K), 2 survivors (4096K)
 Metaspace       used 39506K, committed 40000K, reserved 1114112K
  class space    used 4895K, committed 5120K, reserved 1048576K
}
Event: 77.653 GC heap after
{Heap after GC invocations=11 (full 0):
 garbage-first heap   total 55296K, used 20583K [0x0000000703600000, 0x0000000800000000)
  region size 2048K, 1 young (2048K), 1 survivors (2048K)
 Metaspace       used 39506K, committed 40000K, reserved 1114112K
  class space    used 4895K, committed 5120K, reserved 1048576K
}
Event: 79.411 GC heap before
{Heap before GC invocations=11 (full 0):
 garbage-first heap   total 55296K, used 36967K [0x0000000703600000, 0x0000000800000000)
  region size 2048K, 10 young (20480K), 1 survivors (2048K)
 Metaspace       used 46983K, committed 47488K, reserved 1114112K
  class space    used 5900K, committed 6144K, reserved 1048576K
}

